This is pdfTeX, Version 3.14159265-2.6-1.40.20 (TeX Live 2019/Debian) (preloaded format=pdflatex 2022.4.2)  23 MAY 2022 12:12
entering extended mode
 restricted \write18 enabled.
 file:line:error style messages enabled.
 %&-line parsing enabled.
**main.tex
(./main.tex
LaTeX2e <2020-02-02> patch level 2
L3 programming layer <2020-02-14> (/usr/share/texlive/texmf-dist/tex/latex/base/fix-cm.sty
Package: fix-cm 2015/01/14 v1.1t fixes to LaTeX
 (/usr/share/texlive/texmf-dist/tex/latex/base/ts1enc.def
File: ts1enc.def 2001/06/05 v3.0e (jk/car/fm) Standard LaTeX file
LaTeX Font Info:    Redeclaring font encoding TS1 on input line 47.
)) (./svjour3.cls
Document Class: svjour3 2007/05/08 v3.2 
LaTeX document class for Springer journals
Class Springer-SVJour3 Info: extra/valid Springer sub-package (-> *.clo) 
(Springer-SVJour3)           not found in option list of \documentclass
(Springer-SVJour3)           - autoactivating "global" style.
(./svglov3.clo
File: svglov3.clo 2009/12/18 v3.2 style option for standardised journals

SVJour Class option: svglov3.clo for standardised journals
)
LaTeX Font Info:    Redeclaring math symbol \Gamma on input line 147.
LaTeX Font Info:    Redeclaring math symbol \Delta on input line 148.
LaTeX Font Info:    Redeclaring math symbol \Theta on input line 149.
LaTeX Font Info:    Redeclaring math symbol \Lambda on input line 150.
LaTeX Font Info:    Redeclaring math symbol \Xi on input line 151.
LaTeX Font Info:    Redeclaring math symbol \Pi on input line 152.
LaTeX Font Info:    Redeclaring math symbol \Sigma on input line 153.
LaTeX Font Info:    Redeclaring math symbol \Upsilon on input line 154.
LaTeX Font Info:    Redeclaring math symbol \Phi on input line 155.
LaTeX Font Info:    Redeclaring math symbol \Psi on input line 156.
LaTeX Font Info:    Redeclaring math symbol \Omega on input line 157.
\logodepth=\dimen134
\headerboxheight=\dimen135
\betweenumberspace=\dimen136
\aftertext=\dimen137
\headlineindent=\dimen138
\c@inst=\count167
\c@auth=\count168
\instindent=\dimen139
\authrun=\box45
\authorrunning=\toks14
\titrun=\box46
\titlerunning=\toks15
\combirun=\box47
\c@lastpage=\count169
\rubricwidth=\dimen140
\c@section=\count170
\c@subsection=\count171
\c@subsubsection=\count172
\c@paragraph=\count173
\c@subparagraph=\count174
\spthmsep=\dimen141
\c@theorem=\count175
\c@case=\count176
\c@conjecture=\count177
\c@corollary=\count178
\c@definition=\count179
\c@example=\count180
\c@exercise=\count181
\c@lemma=\count182
\c@note=\count183
\c@problem=\count184
\c@property=\count185
\c@proposition=\count186
\c@question=\count187
\c@solution=\count188
\c@remark=\count189
\c@figure=\count190
\c@table=\count191
\abovecaptionskip=\skip47
\belowcaptionskip=\skip48
\figcapgap=\dimen142
\tabcapgap=\dimen143
\figgap=\dimen144
\bibindent=\dimen145
\@tempcntc=\count192
) (/usr/share/texlive/texmf-dist/tex/latex/appendix/appendix.sty
Package: appendix 2020/02/08 v1.2c extra appendix facilities
\c@@pps=\count193
\c@@ppsavesec=\count194
\c@@ppsaveapp=\count195
) (/usr/share/texlive/texmf-dist/tex/latex/amsmath/amsmath.sty
Package: amsmath 2020/01/20 v2.17e AMS math features
\@mathmargin=\skip49

For additional information on amsmath, use the `?' option.
(/usr/share/texlive/texmf-dist/tex/latex/amsmath/amstext.sty
Package: amstext 2000/06/29 v2.01 AMS text
 (/usr/share/texlive/texmf-dist/tex/latex/amsmath/amsgen.sty
File: amsgen.sty 1999/11/30 v2.0 generic functions
\@emptytoks=\toks16
\ex@=\dimen146
)) (/usr/share/texlive/texmf-dist/tex/latex/amsmath/amsbsy.sty
Package: amsbsy 1999/11/29 v1.2d Bold Symbols
\pmbraise@=\dimen147
) (/usr/share/texlive/texmf-dist/tex/latex/amsmath/amsopn.sty
Package: amsopn 2016/03/08 v2.02 operator names
)
\inf@bad=\count196
LaTeX Info: Redefining \frac on input line 227.
\uproot@=\count197
\leftroot@=\count198
LaTeX Info: Redefining \overline on input line 389.
\classnum@=\count199
\DOTSCASE@=\count266
LaTeX Info: Redefining \ldots on input line 486.
LaTeX Info: Redefining \dots on input line 489.
LaTeX Info: Redefining \cdots on input line 610.
\Mathstrutbox@=\box48
\strutbox@=\box49
\big@size=\dimen148
LaTeX Font Info:    Redeclaring font encoding OML on input line 733.
LaTeX Font Info:    Redeclaring font encoding OMS on input line 734.
\macc@depth=\count267
\c@MaxMatrixCols=\count268
\dotsspace@=\muskip16
\c@parentequation=\count269
\dspbrk@lvl=\count270
\tag@help=\toks17
\row@=\count271
\column@=\count272
\maxfields@=\count273
\andhelp@=\toks18
\eqnshift@=\dimen149
\alignsep@=\dimen150
\tagshift@=\dimen151
\tagwidth@=\dimen152
\totwidth@=\dimen153
\lineht@=\dimen154
\@envbody=\toks19
\multlinegap=\skip50
\multlinetaggap=\skip51
\mathdisplay@stack=\toks20
LaTeX Info: Redefining \[ on input line 2859.
LaTeX Info: Redefining \] on input line 2860.
) (/usr/share/texlive/texmf-dist/tex/latex/amsfonts/amssymb.sty
Package: amssymb 2013/01/14 v3.01 AMS font symbols
 (/usr/share/texlive/texmf-dist/tex/latex/amsfonts/amsfonts.sty
Package: amsfonts 2013/01/14 v3.01 Basic AMSFonts support
\symAMSa=\mathgroup4
\symAMSb=\mathgroup5
LaTeX Font Info:    Redeclaring math symbol \hbar on input line 98.
LaTeX Font Info:    Overwriting math alphabet `\mathfrak' in version `bold'
(Font)                  U/euf/m/n --> U/euf/b/n on input line 106.
)) (/usr/share/texlive/texmf-dist/tex/latex/graphics/graphicx.sty
Package: graphicx 2019/11/30 v1.2a Enhanced LaTeX Graphics (DPC,SPQR)
 (/usr/share/texlive/texmf-dist/tex/latex/graphics/keyval.sty
Package: keyval 2014/10/28 v1.15 key=value parser (DPC)
\KV@toks@=\toks21
) (/usr/share/texlive/texmf-dist/tex/latex/graphics/graphics.sty
Package: graphics 2019/11/30 v1.4a Standard LaTeX Graphics (DPC,SPQR)
 (/usr/share/texlive/texmf-dist/tex/latex/graphics/trig.sty
Package: trig 2016/01/03 v1.10 sin cos tan (DPC)
) (/usr/share/texlive/texmf-dist/tex/latex/graphics-cfg/graphics.cfg
File: graphics.cfg 2016/06/04 v1.11 sample graphics configuration
)
Package graphics Info: Driver file: pdftex.def on input line 105.
 (/usr/share/texlive/texmf-dist/tex/latex/graphics-def/pdftex.def
File: pdftex.def 2018/01/08 v1.0l Graphics/color driver for pdftex
))
\Gin@req@height=\dimen155
\Gin@req@width=\dimen156
) (/usr/share/texlive/texmf-dist/tex/latex/lineno/lineno.sty
Package: lineno 2005/11/02 line numbers on paragraphs v4.41
\linenopenalty=\count274
\output=\toks22
\linenoprevgraf=\count275
\linenumbersep=\dimen157
\linenumberwidth=\dimen158
\c@linenumber=\count276
\c@pagewiselinenumber=\count277
\c@LN@truepage=\count278
\c@internallinenumber=\count279
\c@internallinenumbers=\count280
\quotelinenumbersep=\dimen159
\bframerule=\dimen160
\bframesep=\dimen161
\bframebox=\box50
LaTeX Info: Redefining \\ on input line 3056.
) (/usr/share/texlive/texmf-dist/tex/latex/tools/array.sty
Package: array 2019/08/31 v2.4l Tabular extension package (FMi)
\col@sep=\dimen162
\ar@mcellbox=\box51
\extrarowheight=\dimen163
\NC@list=\toks23
\extratabsurround=\skip52
\backup@length=\skip53
\ar@cellbox=\box52
) (/usr/share/texlive/texmf-dist/tex/latex/tools/longtable.sty
Package: longtable 2020/01/07 v4.13 Multi-page Table package (DPC)
\LTleft=\skip54
\LTright=\skip55
\LTpre=\skip56
\LTpost=\skip57
\LTchunksize=\count281
\LTcapwidth=\dimen164
\LT@head=\box53
\LT@firsthead=\box54
\LT@foot=\box55
\LT@lastfoot=\box56
\LT@cols=\count282
\LT@rows=\count283
\c@LT@tables=\count284
\c@LT@chunks=\count285
\LT@p@ftn=\toks24
) (/usr/share/texlive/texmf-dist/tex/latex/natbib/natbib.sty
Package: natbib 2010/09/13 8.31b (PWD, AO)
\bibhang=\skip58
\bibsep=\skip59
LaTeX Info: Redefining \cite on input line 694.
\c@NAT@ctr=\count286
)
(/usr/share/texlive/texmf-dist/tex/latex/l3backend/l3backend-pdfmode.def
File: l3backend-pdfmode.def 2020-02-03 L3 backend support: PDF mode
\l__kernel_color_stack_int=\count287
\l__pdf_internal_box=\box57
) (./main.aux)
\openout1 = `main.aux'.

LaTeX Font Info:    Checking defaults for OML/cmm/m/it on input line 53.
LaTeX Font Info:    ... okay on input line 53.
LaTeX Font Info:    Checking defaults for OMS/cmsy/m/n on input line 53.
LaTeX Font Info:    ... okay on input line 53.
LaTeX Font Info:    Checking defaults for OT1/cmr/m/n on input line 53.
LaTeX Font Info:    ... okay on input line 53.
LaTeX Font Info:    Checking defaults for T1/cmr/m/n on input line 53.
LaTeX Font Info:    ... okay on input line 53.
LaTeX Font Info:    Checking defaults for TS1/cmr/m/n on input line 53.
LaTeX Font Info:    ... okay on input line 53.
LaTeX Font Info:    Checking defaults for OMX/cmex/m/n on input line 53.
LaTeX Font Info:    ... okay on input line 53.
LaTeX Font Info:    Checking defaults for U/cmr/m/n on input line 53.
LaTeX Font Info:    ... okay on input line 53.

Unknown journal: specify \journalname{<name of your journal>} in preambel

(/usr/share/texlive/texmf-dist/tex/context/base/mkii/supp-pdf.mkii
[Loading MPS to PDF converter (version 2006.09.02).]
\scratchcounter=\count288
\scratchdimen=\dimen165
\scratchbox=\box58
\nofMPsegments=\count289
\nofMParguments=\count290
\everyMPshowfont=\toks25
\MPscratchCnt=\count291
\MPscratchDim=\dimen166
\MPnumerator=\count292
\makeMPintoPDFobject=\count293
\everyMPtoPDFconversion=\toks26
) (/usr/share/texlive/texmf-dist/tex/latex/epstopdf-pkg/epstopdf-base.sty
Package: epstopdf-base 2020-01-24 v2.11 Base part for package epstopdf
Package epstopdf-base Info: Redefining graphics rule for `.eps' on input line 485.
 (/usr/share/texlive/texmf-dist/tex/latex/latexconfig/epstopdf-sys.cfg
File: epstopdf-sys.cfg 2010/07/13 v1.3 Configuration of (r)epstopdf for TeX Live
))
SVJour3 warning: Missing \journalname
LaTeX Font Info:    Trying to load font information for U+msa on input line 84.
(/usr/share/texlive/texmf-dist/tex/latex/amsfonts/umsa.fd
File: umsa.fd 2013/01/14 v3.01 AMS symbols A
)
LaTeX Font Info:    Trying to load font information for U+msb on input line 84.
 (/usr/share/texlive/texmf-dist/tex/latex/amsfonts/umsb.fd
File: umsb.fd 2013/01/14 v3.01 AMS symbols B
)

SVJour3 Warning: Title too long for running head.
Please supply a shorter form with \titlerunning prior to \maketitle
[1{/var/lib/texmf/fonts/map/pdftex/updmap/pdftex.map}] [2] [3]
<Figures/Figure1.pdf, id=20, 338.58783pt x 366.18716pt>
File: Figures/Figure1.pdf Graphic file (type pdf)
<use Figures/Figure1.pdf>
Package pdftex.def Info: Figures/Figure1.pdf  used on input line 111.
(pdftex.def)             Requested size: 338.58699pt x 366.18626pt.

Overfull \hbox (0.58699pt too wide) in paragraph at lines 111--112
 [][] 
 []

<Figures/Figure2.pdf, id=21, 338.58783pt x 371.73544pt>
File: Figures/Figure2.pdf Graphic file (type pdf)
<use Figures/Figure2.pdf>
Package pdftex.def Info: Figures/Figure2.pdf  used on input line 120.
(pdftex.def)             Requested size: 338.58699pt x 371.73453pt.

Overfull \hbox (0.58699pt too wide) in paragraph at lines 120--121
 [][] 
 []

[4]
Underfull \vbox (badness 10000) has occurred while \output is active []

 [5 <./Figures/Figure1.pdf>] [6 <./Figures/Figure2.pdf>]
<Figures/Figure3.pdf, id=92, 338.58783pt x 515.99103pt>
File: Figures/Figure3.pdf Graphic file (type pdf)
<use Figures/Figure3.pdf>
Package pdftex.def Info: Figures/Figure3.pdf  used on input line 143.
(pdftex.def)             Requested size: 338.58699pt x 515.98976pt.

Overfull \hbox (0.58699pt too wide) in paragraph at lines 143--144
 [][] 
 []


LaTeX Warning: Float too large for page by 27.06204pt on input line 146.

<Figures/Figure4.pdf, id=93, 338.58783pt x 313.19374pt>
File: Figures/Figure4.pdf Graphic file (type pdf)
<use Figures/Figure4.pdf>
Package pdftex.def Info: Figures/Figure4.pdf  used on input line 152.
(pdftex.def)             Requested size: 338.58699pt x 313.19296pt.

Overfull \hbox (0.58699pt too wide) in paragraph at lines 152--158
 [][] 
 []


Overfull \hbox (37.334pt too wide) in paragraph at lines 170--171
\OT1/cmr/m/n/10 winds in the in-ter-dune match dur-ing day-time only, i.e when the southerly/southwesterly
 []

[7] [8 <./Figures/Figure3.pdf>]
Underfull \vbox (badness 10000) has occurred while \output is active []

 [9 <./Figures/Figure4.pdf>]
<Figures/Figure5.pdf, id=175, 338.58783pt x 515.99103pt>
File: Figures/Figure5.pdf Graphic file (type pdf)
<use Figures/Figure5.pdf>
Package pdftex.def Info: Figures/Figure5.pdf  used on input line 176.
(pdftex.def)             Requested size: 338.58699pt x 515.98976pt.

Overfull \hbox (0.58699pt too wide) in paragraph at lines 176--177
 [][] 
 []


LaTeX Warning: Float too large for page by 27.06204pt on input line 179.

<Figures/Figure6.pdf, id=176, 338.58783pt x 554.82906pt>
File: Figures/Figure6.pdf Graphic file (type pdf)
<use Figures/Figure6.pdf>
Package pdftex.def Info: Figures/Figure6.pdf  used on input line 185.
(pdftex.def)             Requested size: 338.58699pt x 554.8277pt.

Overfull \hbox (0.58699pt too wide) in paragraph at lines 185--186
 [][] 
 []


LaTeX Warning: Float too large for page by 104.34442pt on input line 188.

<Figures/Figure7.pdf, id=177, 338.58783pt x 406.3054pt>
File: Figures/Figure7.pdf Graphic file (type pdf)
<use Figures/Figure7.pdf>
Package pdftex.def Info: Figures/Figure7.pdf  used on input line 199.
(pdftex.def)             Requested size: 338.58699pt x 406.30441pt.

Overfull \hbox (0.58699pt too wide) in paragraph at lines 199--200
 [][] 
 []

[10] [11 <./Figures/Figure5.pdf>] [12 <./Figures/Figure6.pdf>] [13 <./Figures/Figure7.pdf>]
<Figures/Figure8.pdf, id=294, 338.58783pt x 208.06088pt>
File: Figures/Figure8.pdf Graphic file (type pdf)
<use Figures/Figure8.pdf>
Package pdftex.def Info: Figures/Figure8.pdf  used on input line 226.
(pdftex.def)             Requested size: 338.58699pt x 208.06036pt.

Overfull \hbox (0.58699pt too wide) in paragraph at lines 226--227
 [][] 
 []


Underfull \vbox (badness 10000) has occurred while \output is active []

 [14] [15 <./Figures/Figure8.pdf>]
<Figures/Figure9.pdf, id=336, 338.58783pt x 331.81607pt>
File: Figures/Figure9.pdf Graphic file (type pdf)
<use Figures/Figure9.pdf>
Package pdftex.def Info: Figures/Figure9.pdf  used on input line 247.
(pdftex.def)             Requested size: 338.58699pt x 331.81526pt.

Overfull \hbox (0.58699pt too wide) in paragraph at lines 247--248
 [][] 
 []

[16] [17 <./Figures/Figure9.pdf>] [18]
Underfull \vbox (badness 1117) has occurred while \output is active []

 [19]
Underfull \vbox (badness 10000) has occurred while \output is active []

 [20] [21] [22] (./main.bbl
Underfull \vbox (badness 10000) has occurred while \output is active []

 [23

]
Underfull \vbox (badness 10000) has occurred while \output is active []

 [24]
Underfull \hbox (badness 8170) in paragraph at lines 205--207
[]\OT1/cmr/m/n/10 Gunn A, Casas-anta G, Di Lib-erto L, Fal-cini F, Lan-caster N,
 []


Underfull \hbox (badness 10000) in paragraph at lines 205--207
\OT1/cmr/m/n/10 Jerol-mack DJ (2021) What sets ae-o-lian dune height? DOI 
 []


Underfull \vbox (badness 10000) has occurred while \output is active []

 [25]
Underfull \vbox (badness 10000) has occurred while \output is active []

 [26]
Underfull \vbox (badness 10000) has occurred while \output is active []

 [27]
Underfull \vbox (badness 10000) has occurred while \output is active []

 [28]) [29]
Underfull \hbox (badness 10000) in paragraph at lines 392--397

 []

[30] [31]
<Figures/Figure1_supp.pdf, id=403, 338.58783pt x 152.36453pt>
File: Figures/Figure1_supp.pdf Graphic file (type pdf)
<use Figures/Figure1_supp.pdf>
Package pdftex.def Info: Figures/Figure1_supp.pdf  used on input line 464.
(pdftex.def)             Requested size: 338.58699pt x 152.36415pt.

Overfull \hbox (0.58699pt too wide) in paragraph at lines 464--465
 [][] 
 []

<Figures/Figure2_supp.pdf, id=404, 338.58783pt x 287.79967pt>
File: Figures/Figure2_supp.pdf Graphic file (type pdf)
<use Figures/Figure2_supp.pdf>
Package pdftex.def Info: Figures/Figure2_supp.pdf  used on input line 473.
(pdftex.def)             Requested size: 338.58699pt x 287.79897pt.

Overfull \hbox (0.58699pt too wide) in paragraph at lines 473--474
 [][] 
 []

<Figures/Figure3_supp.pdf, id=405, 338.58783pt x 372.44664pt>
File: Figures/Figure3_supp.pdf Graphic file (type pdf)
<use Figures/Figure3_supp.pdf>
Package pdftex.def Info: Figures/Figure3_supp.pdf  used on input line 482.
(pdftex.def)             Requested size: 338.58699pt x 372.44572pt.

Overfull \hbox (0.58699pt too wide) in paragraph at lines 482--483
 [][] 
 []

<Figures/Figure4_supp.pdf, id=406, 338.58783pt x 416.12177pt>
File: Figures/Figure4_supp.pdf Graphic file (type pdf)
<use Figures/Figure4_supp.pdf>
Package pdftex.def Info: Figures/Figure4_supp.pdf  used on input line 491.
(pdftex.def)             Requested size: 338.58699pt x 416.12074pt.

Overfull \hbox (0.58699pt too wide) in paragraph at lines 491--492
 [][] 
 []

<Figures/Figure5_supp.pdf, id=407, 338.58783pt x 169.29391pt>
File: Figures/Figure5_supp.pdf Graphic file (type pdf)
<use Figures/Figure5_supp.pdf>
Package pdftex.def Info: Figures/Figure5_supp.pdf  used on input line 500.
(pdftex.def)             Requested size: 338.58699pt x 169.29349pt.

Overfull \hbox (0.58699pt too wide) in paragraph at lines 500--501
 [][] 
 []

<Figures/Figure6_supp.pdf, id=408, 338.58783pt x 440.1642pt>
File: Figures/Figure6_supp.pdf Graphic file (type pdf)
<use Figures/Figure6_supp.pdf>
Package pdftex.def Info: Figures/Figure6_supp.pdf  used on input line 509.
(pdftex.def)             Requested size: 338.58699pt x 440.16312pt.

Overfull \hbox (0.58699pt too wide) in paragraph at lines 509--510
 [][] 
 []

<Figures/Figure7_supp.pdf, id=409, 338.58783pt x 179.45155pt>
File: Figures/Figure7_supp.pdf Graphic file (type pdf)
<use Figures/Figure7_supp.pdf>
Package pdftex.def Info: Figures/Figure7_supp.pdf  used on input line 518.
(pdftex.def)             Requested size: 338.58699pt x 179.45111pt.

Overfull \hbox (0.58699pt too wide) in paragraph at lines 518--519
 [][] 
 []

<Figures/Figure8_supp.pdf, id=410, 338.58783pt x 338.58783pt>
File: Figures/Figure8_supp.pdf Graphic file (type pdf)
<use Figures/Figure8_supp.pdf>
Package pdftex.def Info: Figures/Figure8_supp.pdf  used on input line 527.
(pdftex.def)             Requested size: 338.58699pt x 338.58699pt.

Overfull \hbox (0.58699pt too wide) in paragraph at lines 527--528
 [][] 
 []

<Figures/Figure9_supp.pdf, id=411, 338.58783pt x 304.72906pt>
File: Figures/Figure9_supp.pdf Graphic file (type pdf)
<use Figures/Figure9_supp.pdf>
Package pdftex.def Info: Figures/Figure9_supp.pdf  used on input line 536.
(pdftex.def)             Requested size: 338.58699pt x 304.72832pt.

Overfull \hbox (0.58699pt too wide) in paragraph at lines 536--537
 [][] 
 []

<Figures/Figure10_supp.pdf, id=412, 338.58783pt x 321.65843pt>
File: Figures/Figure10_supp.pdf Graphic file (type pdf)
<use Figures/Figure10_supp.pdf>
Package pdftex.def Info: Figures/Figure10_supp.pdf  used on input line 545.
(pdftex.def)             Requested size: 338.58699pt x 321.65764pt.

Overfull \hbox (0.58699pt too wide) in paragraph at lines 545--546
 [][] 
 []

<Figures/Figure11_supp.pdf, id=413, 338.58783pt x 332.89742pt>
File: Figures/Figure11_supp.pdf Graphic file (type pdf)
<use Figures/Figure11_supp.pdf>
Package pdftex.def Info: Figures/Figure11_supp.pdf  used on input line 554.
(pdftex.def)             Requested size: 338.58699pt x 332.8966pt.

Overfull \hbox (0.58699pt too wide) in paragraph at lines 554--555
 [][] 
 []

<Figures/Figure12_supp.pdf, id=414, 338.58783pt x 304.72906pt>
File: Figures/Figure12_supp.pdf Graphic file (type pdf)
<use Figures/Figure12_supp.pdf>
Package pdftex.def Info: Figures/Figure12_supp.pdf  used on input line 563.
(pdftex.def)             Requested size: 338.58699pt x 304.72832pt.

Overfull \hbox (0.58699pt too wide) in paragraph at lines 563--564
 [][] 
 []

<Figures/Figure13_supp.pdf, id=415, 338.58783pt x 410.57349pt>
File: Figures/Figure13_supp.pdf Graphic file (type pdf)
<use Figures/Figure13_supp.pdf>
Package pdftex.def Info: Figures/Figure13_supp.pdf  used on input line 572.
(pdftex.def)             Requested size: 338.58699pt x 410.57248pt.

Overfull \hbox (0.58699pt too wide) in paragraph at lines 572--573
 [][] 
 []

<Figures/Figure14_supp.pdf, id=416, 338.58783pt x 338.58783pt>
File: Figures/Figure14_supp.pdf Graphic file (type pdf)
<use Figures/Figure14_supp.pdf>
Package pdftex.def Info: Figures/Figure14_supp.pdf  used on input line 581.
(pdftex.def)             Requested size: 338.58699pt x 338.58699pt.

Overfull \hbox (0.58699pt too wide) in paragraph at lines 581--582
 [][] 
 []

[32] [33 <./Figures/Figure1_supp.pdf> <./Figures/Figure2_supp.pdf>] [34 <./Figures/Figure3_supp.pdf>] [35 <./Figures/Figure4_supp.pdf>] [36 <./Figures/Figure5_supp.pdf>] [37 <./Figures/Figure6_supp.pdf>] [38 <./Figures/Figure7_supp.pdf>] [39 <./Figures/Figure8_supp.pdf>] [40 <./Figures/Figure9_supp.pdf>] [41 <./Figures/Figure10_supp.pdf>] [42 <./Figures/Figure11_supp.pdf>] [43 <./Figures/Figure12_supp.pdf>] [44 <./Figures/Figure13_supp.pdf>] [45 <./Figures/Figure14_supp.pdf>] (./main.aux) ) 
Here is how much of TeX's memory you used:
 4052 strings out of 481239
 57973 string characters out of 5920378
 308021 words of memory out of 5000000
 19261 multiletter control sequences out of 15000+600000
 542230 words of font info for 61 fonts, out of 8000000 for 9000
 1141 hyphenation exceptions out of 8191
 30i,12n,31p,1991b,505s stack positions out of 5000i,500n,10000p,200000b,80000s
</usr/share/texlive/texmf-dist/fonts/type1/public/fontawesome5/FontAwesome5Free-Solid.pfb></usr/share/texlive/texmf-dist/fonts/type1/public/amsfonts/cm/cmbsy10.pfb></usr/share/texlive/texmf-dist/fonts/type1/public/amsfonts/cm/cmbx10.pfb></usr/share/texlive/texmf-dist/fonts/type1/public/amsfonts/cm/cmbx12.pfb></usr/share/texlive/texmf-dist/fonts/type1/public/amsfonts/cm/cmbx8.pfb></usr/share/texlive/texmf-dist/fonts/type1/public/amsfonts/cm/cmex10.pfb></usr/share/texlive/texmf-dist/fonts/type1/public/
amsfonts/cmextra/cmex8.pfb></usr/share/texlive/texmf-dist/fonts/type1/public/amsfonts/cm/cmmi10.pfb></usr/share/texlive/texmf-dist/fonts/type1/public/amsfonts/cm/cmmi12.pfb></usr/share/texlive/texmf-dist/fonts/type1/public/amsfonts/cm/cmmi5.pfb></usr/share/texlive/texmf-dist/fonts/type1/public/amsfonts/cm/cmmi6.pfb></usr/share/texlive/texmf-dist/fonts/type1/public/amsfonts/cm/cmmi7.pfb></usr/share/texlive/texmf-dist/fonts/type1/public/amsfonts/cm/cmmi8.pfb></usr/share/texlive/texmf-dist/fonts/type1/public/amsfonts/cm/cmmib10.pfb></usr/share/texlive/texmf-dist/fonts/type1/public/amsfonts/cm/cmr10.pfb></usr/share/texlive/texmf-dist/fonts/type1/public/amsfonts/cm/cmr12.pfb></usr/share/texlive/texmf-dist/fonts/type1/public/amsfonts/cm/cmr6.pfb></usr/share/texlive/texmf-dist/fonts/type1/public/amsfonts/cm/cmr7.pfb></usr/share/texlive/texmf-dist/fonts/type1/public/amsfonts/cm/cmr8.pfb></usr/share/texlive/texmf-dist/fonts/type1/public/amsfonts/cm/cmss8.pfb></usr/share/texlive/texmf-dist/fonts
/type1/public/amsfonts/cm/cmsy10.pfb></usr/share/texlive/texmf-dist/fonts/type1/public/amsfonts/cm/cmsy6.pfb></usr/share/texlive/texmf-dist/fonts/type1/public/amsfonts/cm/cmsy7.pfb></usr/share/texlive/texmf-dist/fonts/type1/public/amsfonts/cm/cmsy8.pfb></usr/share/texlive/texmf-dist/fonts/type1/public/amsfonts/cm/cmti10.pfb></usr/share/texlive/texmf-dist/fonts/type1/public/amsfonts/cm/cmtt10.pfb></usr/share/texlive/texmf-dist/fonts/type1/public/amsfonts/symbols/msam10.pfb>
Output written on main.pdf (45 pages, 26142263 bytes).
PDF statistics:
 849 PDF objects out of 1000 (max. 8388607)
 694 compressed objects within 7 object streams
 0 named destinations out of 1000 (max. 500000)
 116 words of extra memory for PDF output out of 10000 (max. 10000000)

